
*** Running vivado
    with args -log top.vds -m64 -product Vivado -mode batch -messageDb vivado.pb -notrace -source top.tcl


ECHO is off.
ECHO is off.

****** Vivado v2023.2 (64-bit)
  **** SW Build 4029153 on Fri Oct 13 20:14:34 MDT 2023
  **** IP Build 4028589 on Sat Oct 14 00:45:43 MDT 2023
  **** SharedData Build 4025554 on Tue Oct 10 17:18:54 MDT 2023
    ** Copyright 1986-2022 Xilinx, Inc. All Rights Reserved.
    ** Copyright 2022-2023 Advanced Micro Devices, Inc. All Rights Reserved.

source top.tcl -notrace
Command: read_checkpoint -auto_incremental -incremental C:/Users/mohdi/Digital_clock/Digital_clock.srcs/utils_1/imports/synth_1/Digital_clock.dcp
INFO: [Vivado 12-5825] Read reference checkpoint from C:/Users/mohdi/Digital_clock/Digital_clock.srcs/utils_1/imports/synth_1/Digital_clock.dcp for incremental synthesis
INFO: [Vivado 12-7989] Please ensure there are no constraint changes
Command: synth_design -top top -part xc7a35tcpg236-1
Starting synth_design
Attempting to get a license for feature 'Synthesis' and/or device 'xc7a35t'
INFO: [Common 17-349] Got license for feature 'Synthesis' and/or device 'xc7a35t'
INFO: [Device 21-403] Loading part xc7a35tcpg236-1
INFO: [Designutils 20-5440] No compile time benefit to using incremental synthesis; A full resynthesis will be run
INFO: [Designutils 20-4379] Flow is switching to default flow due to incremental criteria not met. If you would like to alter this behaviour and have the flow terminate instead, please set the following parameter config_implementation {autoIncr.Synth.RejectBehavior Terminate}
INFO: [Synth 8-7079] Multithreading enabled for synth_design using a maximum of 2 processes.
INFO: [Synth 8-7078] Launching helper process for spawning children vivado processes
INFO: [Synth 8-7075] Helper process launched with PID 9048
---------------------------------------------------------------------------------
Starting RTL Elaboration : Time (s): cpu = 00:00:02 ; elapsed = 00:00:04 . Memory (MB): peak = 1320.898 ; gain = 440.375
---------------------------------------------------------------------------------
INFO: [Synth 8-11241] undeclared symbol 'dummy_clk', assumed default net type 'wire' [C:/Users/mohdi/Digital_clock/Digital_clock.srcs/sources_1/new/Digital_clock.v:44]
INFO: [Synth 8-11241] undeclared symbol 'm', assumed default net type 'wire' [C:/Users/mohdi/Digital_clock/Digital_clock.srcs/sources_1/new/Digital_clock.v:72]
INFO: [Synth 8-11241] undeclared symbol 'n', assumed default net type 'wire' [C:/Users/mohdi/Digital_clock/Digital_clock.srcs/sources_1/new/Digital_clock.v:73]
INFO: [Synth 8-11241] undeclared symbol 'slow_clk', assumed default net type 'wire' [C:/Users/mohdi/Digital_clock/Digital_clock.srcs/sources_1/new/Digital_clock.v:77]
INFO: [Synth 8-11241] undeclared symbol 'slow_clk2', assumed default net type 'wire' [C:/Users/mohdi/Digital_clock/Digital_clock.srcs/sources_1/new/stopwatch.v:33]
INFO: [Synth 8-11241] undeclared symbol 'm1', assumed default net type 'wire' [C:/Users/mohdi/Digital_clock/Digital_clock.srcs/sources_1/new/stopwatch.v:41]
INFO: [Synth 8-11241] undeclared symbol 'n1', assumed default net type 'wire' [C:/Users/mohdi/Digital_clock/Digital_clock.srcs/sources_1/new/stopwatch.v:42]
INFO: [Synth 8-11241] undeclared symbol 'dummy_clk3', assumed default net type 'wire' [C:/Users/mohdi/Digital_clock/Digital_clock.srcs/sources_1/new/stopwatch.v:43]
INFO: [Synth 8-11241] undeclared symbol 'slow_clk3', assumed default net type 'wire' [C:/Users/mohdi/Digital_clock/Digital_clock.srcs/sources_1/new/timer.v:38]
INFO: [Synth 8-11241] undeclared symbol 'm8', assumed default net type 'wire' [C:/Users/mohdi/Digital_clock/Digital_clock.srcs/sources_1/new/timer.v:64]
INFO: [Synth 8-11241] undeclared symbol 'startimer', assumed default net type 'wire' [C:/Users/mohdi/Digital_clock/Digital_clock.srcs/sources_1/new/timer.v:64]
INFO: [Synth 8-11241] undeclared symbol 'n8', assumed default net type 'wire' [C:/Users/mohdi/Digital_clock/Digital_clock.srcs/sources_1/new/timer.v:65]
INFO: [Synth 8-11241] undeclared symbol 'dummy_clk8', assumed default net type 'wire' [C:/Users/mohdi/Digital_clock/Digital_clock.srcs/sources_1/new/timer.v:66]
INFO: [Synth 8-11241] undeclared symbol 'finishtimer', assumed default net type 'wire' [C:/Users/mohdi/Digital_clock/Digital_clock.srcs/sources_1/new/top.v:82]
INFO: [Synth 8-6157] synthesizing module 'top' [C:/Users/mohdi/Digital_clock/Digital_clock.srcs/sources_1/new/top.v:23]
INFO: [Synth 8-6157] synthesizing module 'Digital_clock' [C:/Users/mohdi/Digital_clock/Digital_clock.srcs/sources_1/new/Digital_clock.v:23]
INFO: [Synth 8-6157] synthesizing module 'Clock_devider' [C:/Users/mohdi/Digital_clock/Digital_clock.srcs/sources_1/new/Clock_devider.v:23]
INFO: [Synth 8-6155] done synthesizing module 'Clock_devider' (0#1) [C:/Users/mohdi/Digital_clock/Digital_clock.srcs/sources_1/new/Clock_devider.v:23]
INFO: [Synth 8-6155] done synthesizing module 'Digital_clock' (0#1) [C:/Users/mohdi/Digital_clock/Digital_clock.srcs/sources_1/new/Digital_clock.v:23]
WARNING: [Synth 8-567] referenced signal 'alarmenable' should be on the sensitivity list [C:/Users/mohdi/Digital_clock/Digital_clock.srcs/sources_1/new/top.v:69]
WARNING: [Synth 8-567] referenced signal 'almin0' should be on the sensitivity list [C:/Users/mohdi/Digital_clock/Digital_clock.srcs/sources_1/new/top.v:69]
WARNING: [Synth 8-567] referenced signal 'min0' should be on the sensitivity list [C:/Users/mohdi/Digital_clock/Digital_clock.srcs/sources_1/new/top.v:69]
WARNING: [Synth 8-567] referenced signal 'almin1' should be on the sensitivity list [C:/Users/mohdi/Digital_clock/Digital_clock.srcs/sources_1/new/top.v:69]
WARNING: [Synth 8-567] referenced signal 'min1' should be on the sensitivity list [C:/Users/mohdi/Digital_clock/Digital_clock.srcs/sources_1/new/top.v:69]
WARNING: [Synth 8-567] referenced signal 'alhour0' should be on the sensitivity list [C:/Users/mohdi/Digital_clock/Digital_clock.srcs/sources_1/new/top.v:69]
WARNING: [Synth 8-567] referenced signal 'hour0' should be on the sensitivity list [C:/Users/mohdi/Digital_clock/Digital_clock.srcs/sources_1/new/top.v:69]
WARNING: [Synth 8-567] referenced signal 'alhour1' should be on the sensitivity list [C:/Users/mohdi/Digital_clock/Digital_clock.srcs/sources_1/new/top.v:69]
WARNING: [Synth 8-567] referenced signal 'hour1' should be on the sensitivity list [C:/Users/mohdi/Digital_clock/Digital_clock.srcs/sources_1/new/top.v:69]
INFO: [Synth 8-6157] synthesizing module 'stopwatch' [C:/Users/mohdi/Digital_clock/Digital_clock.srcs/sources_1/new/stopwatch.v:23]
INFO: [Synth 8-6155] done synthesizing module 'stopwatch' (0#1) [C:/Users/mohdi/Digital_clock/Digital_clock.srcs/sources_1/new/stopwatch.v:23]
INFO: [Synth 8-6157] synthesizing module 'alarm' [C:/Users/mohdi/Digital_clock/Digital_clock.srcs/sources_1/new/alarm.v:23]
INFO: [Synth 8-6155] done synthesizing module 'alarm' (0#1) [C:/Users/mohdi/Digital_clock/Digital_clock.srcs/sources_1/new/alarm.v:23]
INFO: [Synth 8-6157] synthesizing module 'timer' [C:/Users/mohdi/Digital_clock/Digital_clock.srcs/sources_1/new/timer.v:23]
INFO: [Synth 8-6155] done synthesizing module 'timer' (0#1) [C:/Users/mohdi/Digital_clock/Digital_clock.srcs/sources_1/new/timer.v:23]
INFO: [Synth 8-6157] synthesizing module 'seg_control' [C:/Users/mohdi/Digital_clock/Digital_clock.srcs/sources_1/new/seg_control.v:23]
INFO: [Synth 8-155] case statement is not full and has no default [C:/Users/mohdi/Digital_clock/Digital_clock.srcs/sources_1/new/seg_control.v:80]
INFO: [Synth 8-155] case statement is not full and has no default [C:/Users/mohdi/Digital_clock/Digital_clock.srcs/sources_1/new/seg_control.v:95]
INFO: [Synth 8-155] case statement is not full and has no default [C:/Users/mohdi/Digital_clock/Digital_clock.srcs/sources_1/new/seg_control.v:110]
INFO: [Synth 8-155] case statement is not full and has no default [C:/Users/mohdi/Digital_clock/Digital_clock.srcs/sources_1/new/seg_control.v:125]
INFO: [Synth 8-6155] done synthesizing module 'seg_control' (0#1) [C:/Users/mohdi/Digital_clock/Digital_clock.srcs/sources_1/new/seg_control.v:23]
INFO: [Synth 8-6155] done synthesizing module 'top' (0#1) [C:/Users/mohdi/Digital_clock/Digital_clock.srcs/sources_1/new/top.v:23]
CRITICAL WARNING: [Synth 8-5413] Mix of synchronous and asynchronous control for register sec0_reg in module Digital_clock. [C:/Users/mohdi/Digital_clock/Digital_clock.srcs/sources_1/new/Digital_clock.v:83]
CRITICAL WARNING: [Synth 8-5413] Mix of synchronous and asynchronous control for register sec1_reg in module Digital_clock. [C:/Users/mohdi/Digital_clock/Digital_clock.srcs/sources_1/new/Digital_clock.v:84]
CRITICAL WARNING: [Synth 8-5413] Mix of synchronous and asynchronous control for register min0_reg in module Digital_clock. [C:/Users/mohdi/Digital_clock/Digital_clock.srcs/sources_1/new/Digital_clock.v:85]
CRITICAL WARNING: [Synth 8-5413] Mix of synchronous and asynchronous control for register min1_reg in module Digital_clock. [C:/Users/mohdi/Digital_clock/Digital_clock.srcs/sources_1/new/Digital_clock.v:86]
CRITICAL WARNING: [Synth 8-5413] Mix of synchronous and asynchronous control for register hour0_reg in module Digital_clock. [C:/Users/mohdi/Digital_clock/Digital_clock.srcs/sources_1/new/Digital_clock.v:87]
CRITICAL WARNING: [Synth 8-5413] Mix of synchronous and asynchronous control for register hour1_reg in module Digital_clock. [C:/Users/mohdi/Digital_clock/Digital_clock.srcs/sources_1/new/Digital_clock.v:88]
CRITICAL WARNING: [Synth 8-5413] Mix of synchronous and asynchronous control for register shifter_reg in module Digital_clock. [C:/Users/mohdi/Digital_clock/Digital_clock.srcs/sources_1/new/Digital_clock.v:291]
WARNING: [Synth 8-7137] Register shifter_reg in module Digital_clock has both Set and reset with same priority. This may cause simulation mismatches. Consider rewriting code  [C:/Users/mohdi/Digital_clock/Digital_clock.srcs/sources_1/new/Digital_clock.v:291]
WARNING: [Synth 8-3848] Net startimer in module/entity timer does not have driver. [C:/Users/mohdi/Digital_clock/Digital_clock.srcs/sources_1/new/timer.v:64]
WARNING: [Synth 8-7129] Port sec0[3] in module seg_control is either unconnected or has no load
WARNING: [Synth 8-7129] Port sec0[2] in module seg_control is either unconnected or has no load
WARNING: [Synth 8-7129] Port sec0[1] in module seg_control is either unconnected or has no load
WARNING: [Synth 8-7129] Port sec0[0] in module seg_control is either unconnected or has no load
WARNING: [Synth 8-7129] Port sec1[3] in module seg_control is either unconnected or has no load
WARNING: [Synth 8-7129] Port sec1[2] in module seg_control is either unconnected or has no load
WARNING: [Synth 8-7129] Port sec1[1] in module seg_control is either unconnected or has no load
WARNING: [Synth 8-7129] Port sec1[0] in module seg_control is either unconnected or has no load
WARNING: [Synth 8-7129] Port down in module timer is either unconnected or has no load
WARNING: [Synth 8-7129] Port setstopwatch in module alarm is either unconnected or has no load
WARNING: [Synth 8-7129] Port down in module alarm is either unconnected or has no load
WARNING: [Synth 8-7129] Port down in module Digital_clock is either unconnected or has no load
---------------------------------------------------------------------------------
Finished RTL Elaboration : Time (s): cpu = 00:00:02 ; elapsed = 00:00:05 . Memory (MB): peak = 1435.453 ; gain = 554.930
---------------------------------------------------------------------------------
---------------------------------------------------------------------------------
Start Handling Custom Attributes
---------------------------------------------------------------------------------
---------------------------------------------------------------------------------
Finished Handling Custom Attributes : Time (s): cpu = 00:00:02 ; elapsed = 00:00:05 . Memory (MB): peak = 1435.453 ; gain = 554.930
---------------------------------------------------------------------------------
---------------------------------------------------------------------------------
Finished RTL Optimization Phase 1 : Time (s): cpu = 00:00:02 ; elapsed = 00:00:05 . Memory (MB): peak = 1435.453 ; gain = 554.930
---------------------------------------------------------------------------------
Netlist sorting complete. Time (s): cpu = 00:00:00 ; elapsed = 00:00:00.008 . Memory (MB): peak = 1435.453 ; gain = 0.000
INFO: [Project 1-570] Preparing netlist for logic optimization

Processing XDC Constraints
Initializing timing engine
Parsing XDC File [C:/Users/mohdi/Digital_clock/Digital_clock.srcs/constrs_1/new/dg_clk.xdc]
WARNING: [Vivado 12-507] No nets matched 'pause_IBUF'. [C:/Users/mohdi/Digital_clock/Digital_clock.srcs/constrs_1/new/dg_clk.xdc:121]
CRITICAL WARNING: [Common 17-55] 'set_property' expects at least one object. [C:/Users/mohdi/Digital_clock/Digital_clock.srcs/constrs_1/new/dg_clk.xdc:121]
Resolution: If [get_<value>] was used to populate the object, check to make sure this command returns at least one valid object.
WARNING: [Vivado 12-507] No nets matched 'up_IBUF'. [C:/Users/mohdi/Digital_clock/Digital_clock.srcs/constrs_1/new/dg_clk.xdc:125]
CRITICAL WARNING: [Common 17-55] 'set_property' expects at least one object. [C:/Users/mohdi/Digital_clock/Digital_clock.srcs/constrs_1/new/dg_clk.xdc:125]
Resolution: If [get_<value>] was used to populate the object, check to make sure this command returns at least one valid object.
WARNING: [Vivado 12-507] No nets matched 'left_IBUF'. [C:/Users/mohdi/Digital_clock/Digital_clock.srcs/constrs_1/new/dg_clk.xdc:129]
CRITICAL WARNING: [Common 17-55] 'set_property' expects at least one object. [C:/Users/mohdi/Digital_clock/Digital_clock.srcs/constrs_1/new/dg_clk.xdc:129]
Resolution: If [get_<value>] was used to populate the object, check to make sure this command returns at least one valid object.
WARNING: [Vivado 12-507] No nets matched 'right_IBUF'. [C:/Users/mohdi/Digital_clock/Digital_clock.srcs/constrs_1/new/dg_clk.xdc:133]
CRITICAL WARNING: [Common 17-55] 'set_property' expects at least one object. [C:/Users/mohdi/Digital_clock/Digital_clock.srcs/constrs_1/new/dg_clk.xdc:133]
Resolution: If [get_<value>] was used to populate the object, check to make sure this command returns at least one valid object.
WARNING: [Vivado 12-507] No nets matched 'down_IBUF'. [C:/Users/mohdi/Digital_clock/Digital_clock.srcs/constrs_1/new/dg_clk.xdc:137]
CRITICAL WARNING: [Common 17-55] 'set_property' expects at least one object. [C:/Users/mohdi/Digital_clock/Digital_clock.srcs/constrs_1/new/dg_clk.xdc:137]
Resolution: If [get_<value>] was used to populate the object, check to make sure this command returns at least one valid object.
Finished Parsing XDC File [C:/Users/mohdi/Digital_clock/Digital_clock.srcs/constrs_1/new/dg_clk.xdc]
INFO: [Project 1-236] Implementation specific constraints were found while reading constraint file [C:/Users/mohdi/Digital_clock/Digital_clock.srcs/constrs_1/new/dg_clk.xdc]. These constraints will be ignored for synthesis but will be used in implementation. Impacted constraints are listed in the file [.Xil/top_propImpl.xdc].
Resolution: To avoid this warning, move constraints listed in [.Xil/top_propImpl.xdc] to another XDC file and exclude this new file from synthesis with the used_in_synthesis property (File Properties dialog in GUI) and re-run elaboration/synthesis.
Completed Processing XDC Constraints

Netlist sorting complete. Time (s): cpu = 00:00:00 ; elapsed = 00:00:00 . Memory (MB): peak = 1537.707 ; gain = 0.000
INFO: [Project 1-111] Unisim Transformation Summary:
No Unisim elements were transformed.

The system cannot find the path specified.
Constraint Validation Runtime : Time (s): cpu = 00:00:00 ; elapsed = 00:00:00.003 . Memory (MB): peak = 1537.707 ; gain = 0.000
INFO: [Designutils 20-5440] No compile time benefit to using incremental synthesis; A full resynthesis will be run
INFO: [Designutils 20-4379] Flow is switching to default flow due to incremental criteria not met. If you would like to alter this behaviour and have the flow terminate instead, please set the following parameter config_implementation {autoIncr.Synth.RejectBehavior Terminate}
---------------------------------------------------------------------------------
Finished Constraint Validation : Time (s): cpu = 00:00:04 ; elapsed = 00:00:11 . Memory (MB): peak = 1537.707 ; gain = 657.184
---------------------------------------------------------------------------------
---------------------------------------------------------------------------------
Start Loading Part and Timing Information
---------------------------------------------------------------------------------
Loading part: xc7a35tcpg236-1
---------------------------------------------------------------------------------
Finished Loading Part and Timing Information : Time (s): cpu = 00:00:04 ; elapsed = 00:00:11 . Memory (MB): peak = 1537.707 ; gain = 657.184
---------------------------------------------------------------------------------
---------------------------------------------------------------------------------
Start Applying 'set_property' XDC Constraints
---------------------------------------------------------------------------------
---------------------------------------------------------------------------------
Finished applying 'set_property' XDC Constraints : Time (s): cpu = 00:00:04 ; elapsed = 00:00:11 . Memory (MB): peak = 1537.707 ; gain = 657.184
---------------------------------------------------------------------------------
WARNING: [Synth 8-327] inferring latch for variable 'seg_reg' [C:/Users/mohdi/Digital_clock/Digital_clock.srcs/sources_1/new/seg_control.v:81]
WARNING: [Synth 8-327] inferring latch for variable 'ringalarm_reg' [C:/Users/mohdi/Digital_clock/Digital_clock.srcs/sources_1/new/top.v:76]
---------------------------------------------------------------------------------
Finished RTL Optimization Phase 2 : Time (s): cpu = 00:00:05 ; elapsed = 00:00:12 . Memory (MB): peak = 1537.707 ; gain = 657.184
---------------------------------------------------------------------------------
---------------------------------------------------------------------------------
Start RTL Component Statistics 
---------------------------------------------------------------------------------
Detailed RTL Component Info : 
+---Adders : 
	   2 Input   26 Bit       Adders := 3     
	   2 Input   17 Bit       Adders := 4     
	   2 Input    4 Bit       Adders := 22    
	   2 Input    2 Bit       Adders := 10    
+---Registers : 
	               26 Bit    Registers := 3     
	               17 Bit    Registers := 4     
	                4 Bit    Registers := 18    
	                2 Bit    Registers := 7     
	                1 Bit    Registers := 7     
+---Muxes : 
	  14 Input    7 Bit        Muxes := 4     
	   2 Input    7 Bit        Muxes := 3     
	   2 Input    4 Bit        Muxes := 53    
	   5 Input    4 Bit        Muxes := 2     
	   4 Input    4 Bit        Muxes := 5     
	   6 Input    4 Bit        Muxes := 2     
	   3 Input    4 Bit        Muxes := 2     
	   7 Input    4 Bit        Muxes := 1     
	   6 Input    3 Bit        Muxes := 1     
	   2 Input    3 Bit        Muxes := 1     
	   3 Input    3 Bit        Muxes := 1     
	   2 Input    2 Bit        Muxes := 9     
	   2 Input    1 Bit        Muxes := 39    
	   4 Input    1 Bit        Muxes := 6     
	   5 Input    1 Bit        Muxes := 1     
	   3 Input    1 Bit        Muxes := 2     
	   7 Input    1 Bit        Muxes := 1     
	   6 Input    1 Bit        Muxes := 1     
	  11 Input    1 Bit        Muxes := 12    
	  14 Input    1 Bit        Muxes := 4     
---------------------------------------------------------------------------------
Finished RTL Component Statistics 
---------------------------------------------------------------------------------
---------------------------------------------------------------------------------
Start Part Resource Summary
---------------------------------------------------------------------------------
Part Resources:
DSPs: 90 (col length:60)
BRAMs: 100 (col length: RAMB18 60 RAMB36 30)
---------------------------------------------------------------------------------
Finished Part Resource Summary
---------------------------------------------------------------------------------
---------------------------------------------------------------------------------
Start Cross Boundary and Area Optimization
---------------------------------------------------------------------------------
WARNING: [Synth 8-7080] Parallel synthesis criteria is not met
WARNING: [Synth 8-7129] Port down in module top is either unconnected or has no load
---------------------------------------------------------------------------------
Finished Cross Boundary and Area Optimization : Time (s): cpu = 00:00:05 ; elapsed = 00:00:15 . Memory (MB): peak = 1537.707 ; gain = 657.184
---------------------------------------------------------------------------------
---------------------------------------------------------------------------------
Start Applying XDC Timing Constraints
---------------------------------------------------------------------------------
---------------------------------------------------------------------------------
Finished Applying XDC Timing Constraints : Time (s): cpu = 00:00:07 ; elapsed = 00:00:19 . Memory (MB): peak = 1537.707 ; gain = 657.184
---------------------------------------------------------------------------------
---------------------------------------------------------------------------------
Start Timing Optimization
---------------------------------------------------------------------------------
---------------------------------------------------------------------------------
Finished Timing Optimization : Time (s): cpu = 00:00:07 ; elapsed = 00:00:20 . Memory (MB): peak = 1537.707 ; gain = 657.184
---------------------------------------------------------------------------------
---------------------------------------------------------------------------------
Start Technology Mapping
---------------------------------------------------------------------------------
---------------------------------------------------------------------------------
Finished Technology Mapping : Time (s): cpu = 00:00:07 ; elapsed = 00:00:21 . Memory (MB): peak = 1537.707 ; gain = 657.184
---------------------------------------------------------------------------------
---------------------------------------------------------------------------------
Start IO Insertion
---------------------------------------------------------------------------------
---------------------------------------------------------------------------------
Start Flattening Before IO Insertion
---------------------------------------------------------------------------------
---------------------------------------------------------------------------------
Finished Flattening Before IO Insertion
---------------------------------------------------------------------------------
---------------------------------------------------------------------------------
Start Final Netlist Cleanup
---------------------------------------------------------------------------------
---------------------------------------------------------------------------------
Finished Final Netlist Cleanup
---------------------------------------------------------------------------------
---------------------------------------------------------------------------------
Finished IO Insertion : Time (s): cpu = 00:00:08 ; elapsed = 00:00:24 . Memory (MB): peak = 1537.707 ; gain = 657.184
---------------------------------------------------------------------------------
---------------------------------------------------------------------------------
Start Renaming Generated Instances
---------------------------------------------------------------------------------
---------------------------------------------------------------------------------
Finished Renaming Generated Instances : Time (s): cpu = 00:00:08 ; elapsed = 00:00:24 . Memory (MB): peak = 1537.707 ; gain = 657.184
---------------------------------------------------------------------------------
---------------------------------------------------------------------------------
Start Rebuilding User Hierarchy
---------------------------------------------------------------------------------
---------------------------------------------------------------------------------
Finished Rebuilding User Hierarchy : Time (s): cpu = 00:00:08 ; elapsed = 00:00:24 . Memory (MB): peak = 1537.707 ; gain = 657.184
---------------------------------------------------------------------------------
---------------------------------------------------------------------------------
Start Renaming Generated Ports
---------------------------------------------------------------------------------
---------------------------------------------------------------------------------
Finished Renaming Generated Ports : Time (s): cpu = 00:00:08 ; elapsed = 00:00:24 . Memory (MB): peak = 1537.707 ; gain = 657.184
---------------------------------------------------------------------------------
---------------------------------------------------------------------------------
Start Handling Custom Attributes
---------------------------------------------------------------------------------
---------------------------------------------------------------------------------
Finished Handling Custom Attributes : Time (s): cpu = 00:00:08 ; elapsed = 00:00:24 . Memory (MB): peak = 1537.707 ; gain = 657.184
---------------------------------------------------------------------------------
---------------------------------------------------------------------------------
Start Renaming Generated Nets
---------------------------------------------------------------------------------
---------------------------------------------------------------------------------
Finished Renaming Generated Nets : Time (s): cpu = 00:00:08 ; elapsed = 00:00:24 . Memory (MB): peak = 1537.707 ; gain = 657.184
---------------------------------------------------------------------------------
---------------------------------------------------------------------------------
Start Writing Synthesis Report
---------------------------------------------------------------------------------

Report BlackBoxes: 
+-+--------------+----------+
| |BlackBox name |Instances |
+-+--------------+----------+
+-+--------------+----------+

Report Cell Usage: 
+------+-------+------+
|      |Cell   |Count |
+------+-------+------+
|1     |BUFG   |     4|
|2     |CARRY4 |    37|
|3     |LUT1   |    15|
|4     |LUT2   |    47|
|5     |LUT3   |    40|
|6     |LUT4   |    64|
|7     |LUT5   |    50|
|8     |LUT6   |   181|
|9     |MUXF7  |     4|
|10    |FDCE   |    20|
|11    |FDRE   |   218|
|12    |FDSE   |     1|
|13    |LD     |    29|
|14    |IBUF   |    12|
|15    |OBUF   |    19|
+------+-------+------+
---------------------------------------------------------------------------------
Finished Writing Synthesis Report : Time (s): cpu = 00:00:08 ; elapsed = 00:00:24 . Memory (MB): peak = 1537.707 ; gain = 657.184
---------------------------------------------------------------------------------
Synthesis finished with 0 errors, 0 critical warnings and 4 warnings.
Synthesis Optimization Runtime : Time (s): cpu = 00:00:05 ; elapsed = 00:00:23 . Memory (MB): peak = 1537.707 ; gain = 554.930
Synthesis Optimization Complete : Time (s): cpu = 00:00:08 ; elapsed = 00:00:24 . Memory (MB): peak = 1537.707 ; gain = 657.184
INFO: [Project 1-571] Translating synthesized netlist
Netlist sorting complete. Time (s): cpu = 00:00:00 ; elapsed = 00:00:00.005 . Memory (MB): peak = 1537.707 ; gain = 0.000
INFO: [Netlist 29-17] Analyzing 70 Unisim elements for replacement
INFO: [Netlist 29-28] Unisim Transformation completed in 0 CPU seconds
INFO: [Project 1-570] Preparing netlist for logic optimization
INFO: [Opt 31-138] Pushed 0 inverter(s) to 0 load pin(s).
Netlist sorting complete. Time (s): cpu = 00:00:00 ; elapsed = 00:00:00 . Memory (MB): peak = 1537.707 ; gain = 0.000
INFO: [Project 1-111] Unisim Transformation Summary:
  A total of 29 instances were transformed.
  LD => LDCE: 29 instances

The system cannot find the path specified.
Synth Design complete | Checksum: dcae5015
INFO: [Common 17-83] Releasing license: Synthesis
53 Infos, 32 Warnings, 12 Critical Warnings and 0 Errors encountered.
synth_design completed successfully
synth_design: Time (s): cpu = 00:00:10 ; elapsed = 00:00:28 . Memory (MB): peak = 1537.707 ; gain = 1048.969
INFO: [runtcl-6] Synthesis results are not added to the cache due to CRITICAL_WARNING
Write ShapeDB Complete: Time (s): cpu = 00:00:00 ; elapsed = 00:00:00.001 . Memory (MB): peak = 1537.707 ; gain = 0.000
INFO: [Common 17-1381] The checkpoint 'C:/Users/mohdi/Digital_clock/Digital_clock.runs/synth_1/top.dcp' has been generated.
INFO: [runtcl-4] Executing : report_utilization -file top_utilization_synth.rpt -pb top_utilization_synth.pb
INFO: [Common 17-206] Exiting Vivado at Wed Apr 17 03:32:28 2024...
